<?xml version="1.0" encoding="UTF-8"?>
<!-- Generated by org.testng.reporters.JUnitReportReporter -->
<testsuite hostname="Rayuga" failures="0" tests="1" name="com.itlearn.testcases.PaymentTestCase" time="15.085" errors="0" timestamp="2024-07-24T20:48:28 IST" skipped="0">
  <testcase classname="com.itlearn.testcases.PaymentTestCase" name="testcourses" time="15.085"/>
</testsuite> <!-- com.itlearn.testcases.PaymentTestCase -->
