<?xml version="1.0" encoding="UTF-8"?>
<!-- Generated by org.testng.reporters.JUnitReportReporter -->
<testsuite hostname="Rayuga" failures="0" tests="1" name="com.itlearn.testcases.DashBoardTestCase" time="11.254" errors="0" timestamp="2024-07-24T18:21:53 IST" skipped="0">
  <testcase classname="com.itlearn.testcases.DashBoardTestCase" name="testcourses" time="11.254"/>
</testsuite> <!-- com.itlearn.testcases.DashBoardTestCase -->
