<?xml version="1.0" encoding="UTF-8"?>
<!-- Generated by org.testng.reporters.JUnitReportReporter -->
<testsuite hostname="LP-213268337" failures="0" tests="1" name="com.itlearn.testcases.SerachTestCase" time="9.856" errors="0" timestamp="2024-07-19T02:33:45 IST" skipped="0">
  <testcase classname="com.itlearn.testcases.SerachTestCase" name="searchCourseTesr" time="9.856"/>
</testsuite> <!-- com.itlearn.testcases.SerachTestCase -->
