<?xml version="1.0" encoding="UTF-8"?>
<!-- Generated by org.testng.reporters.JUnitReportReporter -->
<testsuite hostname="LP-213268337" failures="0" tests="1" name="com.itlearn.testcases.LoginTest" time="4.303" errors="0" timestamp="2024-07-17T16:46:12 IST" skipped="0">
  <testcase classname="com.itlearn.testcases.LoginTest" name="verifyLogin" time="4.303"/>
</testsuite> <!-- com.itlearn.testcases.LoginTest -->
