<?xml version="1.0" encoding="UTF-8"?>
<!-- Generated by org.testng.reporters.JUnitReportReporter -->
<testsuite hostname="LP-213268337" failures="0" tests="1" name="com.itlearn.testcases.testcasedemo" time="0.007" errors="0" timestamp="2024-07-17T16:31:37 IST" skipped="0">
  <testcase classname="com.itlearn.testcases.testcasedemo" name="testcheck" time="0.007"/>
</testsuite> <!-- com.itlearn.testcases.testcasedemo -->
